This file contains any messages produced by compilers while
running configure, to aid debugging if configure makes a mistake.

It was created by libnet configure 1.1.6, which was
generated by GNU Autoconf 2.68.  Invocation command line was

  $ ./configure 

## --------- ##
## Platform. ##
## --------- ##

hostname = ubuntu
uname -m = x86_64
uname -r = 3.2.0-29-generic
uname -s = Linux
uname -v = #46-Ubuntu SMP Fri Jul 27 17:03:23 UTC 2012

/usr/bin/uname -p = unknown
/bin/uname -X     = unknown

/bin/arch              = unknown
/usr/bin/arch -k       = unknown
/usr/convex/getsysinfo = unknown
/usr/bin/hostinfo      = unknown
/bin/machine           = unknown
/usr/bin/oslevel       = unknown
/bin/universe          = unknown

PATH: /usr/lib/lightdm/lightdm
PATH: /usr/local/sbin
PATH: /usr/local/bin
PATH: /usr/sbin
PATH: /usr/bin
PATH: /sbin
PATH: /bin
PATH: /usr/games


## ----------- ##
## Core tests. ##
## ----------- ##

configure:2249: result: beginning autoconfiguration process for libnet-1.1.6 ...
configure:2284: checking build system type
configure:2298: result: x86_64-unknown-linux-gnu
configure:2318: checking host system type
configure:2331: result: x86_64-unknown-linux-gnu
configure:2351: checking target system type
configure:2364: result: x86_64-unknown-linux-gnu
configure:2409: checking for a BSD-compatible install
configure:2477: result: /usr/bin/install -c
configure:2488: checking whether build environment is sane
configure:2538: result: yes
configure:2679: checking for a thread-safe mkdir -p
configure:2718: result: /bin/mkdir -p
configure:2731: checking for gawk
configure:2761: result: no
configure:2731: checking for mawk
configure:2747: found /usr/bin/mawk
configure:2758: result: mawk
configure:2769: checking whether make sets $(MAKE)
configure:2791: result: yes
configure:2874: checking whether to enable maintainer-specific portions of Makefiles
configure:2883: result: no
configure:2945: checking for gcc
configure:2961: found /usr/bin/gcc
configure:2972: result: gcc
configure:3201: checking for C compiler version
configure:3210: gcc --version >&5
gcc (Ubuntu/Linaro 4.6.3-1ubuntu5) 4.6.3
Copyright (C) 2011 Free Software Foundation, Inc.
This is free software; see the source for copying conditions.  There is NO
warranty; not even for MERCHANTABILITY or FITNESS FOR A PARTICULAR PURPOSE.

configure:3221: $? = 0
configure:3210: gcc -v >&5
Using built-in specs.
COLLECT_GCC=gcc
COLLECT_LTO_WRAPPER=/usr/lib/gcc/x86_64-linux-gnu/4.6/lto-wrapper
Target: x86_64-linux-gnu
Configured with: ../src/configure -v --with-pkgversion='Ubuntu/Linaro 4.6.3-1ubuntu5' --with-bugurl=file:///usr/share/doc/gcc-4.6/README.Bugs --enable-languages=c,c++,fortran,objc,obj-c++ --prefix=/usr --program-suffix=-4.6 --enable-shared --enable-linker-build-id --with-system-zlib --libexecdir=/usr/lib --without-included-gettext --enable-threads=posix --with-gxx-include-dir=/usr/include/c++/4.6 --libdir=/usr/lib --enable-nls --with-sysroot=/ --enable-clocale=gnu --enable-libstdcxx-debug --enable-libstdcxx-time=yes --enable-gnu-unique-object --enable-plugin --enable-objc-gc --disable-werror --with-arch-32=i686 --with-tune=generic --enable-checking=release --build=x86_64-linux-gnu --host=x86_64-linux-gnu --target=x86_64-linux-gnu
Thread model: posix
gcc version 4.6.3 (Ubuntu/Linaro 4.6.3-1ubuntu5) 
configure:3221: $? = 0
configure:3210: gcc -V >&5
gcc: error: unrecognized option '-V'
gcc: fatal error: no input files
compilation terminated.
configure:3221: $? = 4
configure:3210: gcc -qversion >&5
gcc: error: unrecognized option '-qversion'
gcc: fatal error: no input files
compilation terminated.
configure:3221: $? = 4
configure:3241: checking whether the C compiler works
configure:3263: gcc    conftest.c  >&5
configure:3267: $? = 0
configure:3315: result: yes
configure:3318: checking for C compiler default output file name
configure:3320: result: a.out
configure:3326: checking for suffix of executables
configure:3333: gcc -o conftest    conftest.c  >&5
configure:3337: $? = 0
configure:3359: result: 
configure:3381: checking whether we are cross compiling
configure:3389: gcc -o conftest    conftest.c  >&5
configure:3393: $? = 0
configure:3400: ./conftest
configure:3404: $? = 0
configure:3419: result: no
configure:3424: checking for suffix of object files
configure:3446: gcc -c   conftest.c >&5
configure:3450: $? = 0
configure:3471: result: o
configure:3475: checking whether we are using the GNU C compiler
configure:3494: gcc -c   conftest.c >&5
configure:3494: $? = 0
configure:3503: result: yes
configure:3512: checking whether gcc accepts -g
configure:3532: gcc -c -g  conftest.c >&5
configure:3532: $? = 0
configure:3573: result: yes
configure:3590: checking for gcc option to accept ISO C89
configure:3654: gcc  -c -g -O2  conftest.c >&5
configure:3654: $? = 0
configure:3667: result: none needed
configure:3698: checking for style of include used by make
configure:3726: result: GNU
configure:3751: checking dependency style of gcc
configure:3861: result: none
configure:3883: checking how to run the C preprocessor
configure:3914: gcc -E  conftest.c
configure:3914: $? = 0
configure:3928: gcc -E  conftest.c
conftest.c:11:28: fatal error: ac_nonexistent.h: No such file or directory
compilation terminated.
configure:3928: $? = 1
configure: failed program was:
| /* confdefs.h */
| #define PACKAGE_NAME "libnet"
| #define PACKAGE_TARNAME "libnet"
| #define PACKAGE_VERSION "1.1.6"
| #define PACKAGE_STRING "libnet 1.1.6"
| #define PACKAGE_BUGREPORT ""
| #define PACKAGE_URL ""
| #define PACKAGE "libnet"
| #define VERSION "1.1.6"
| /* end confdefs.h.  */
| #include <ac_nonexistent.h>
configure:3953: result: gcc -E
configure:3973: gcc -E  conftest.c
configure:3973: $? = 0
configure:3987: gcc -E  conftest.c
conftest.c:11:28: fatal error: ac_nonexistent.h: No such file or directory
compilation terminated.
configure:3987: $? = 1
configure: failed program was:
| /* confdefs.h */
| #define PACKAGE_NAME "libnet"
| #define PACKAGE_TARNAME "libnet"
| #define PACKAGE_VERSION "1.1.6"
| #define PACKAGE_STRING "libnet 1.1.6"
| #define PACKAGE_BUGREPORT ""
| #define PACKAGE_URL ""
| #define PACKAGE "libnet"
| #define VERSION "1.1.6"
| /* end confdefs.h.  */
| #include <ac_nonexistent.h>
configure:4016: checking for grep that handles long lines and -e
configure:4074: result: /bin/grep
configure:4079: checking for egrep
configure:4141: result: /bin/grep -E
configure:4146: checking for ANSI C header files
configure:4166: gcc -c -g -O2  conftest.c >&5
configure:4166: $? = 0
configure:4239: gcc -o conftest -g -O2   conftest.c  >&5
configure:4239: $? = 0
configure:4239: ./conftest
configure:4239: $? = 0
configure:4250: result: yes
configure:4263: checking for sys/types.h
configure:4263: gcc -c -g -O2  conftest.c >&5
configure:4263: $? = 0
configure:4263: result: yes
configure:4263: checking for sys/stat.h
configure:4263: gcc -c -g -O2  conftest.c >&5
configure:4263: $? = 0
configure:4263: result: yes
configure:4263: checking for stdlib.h
configure:4263: gcc -c -g -O2  conftest.c >&5
configure:4263: $? = 0
configure:4263: result: yes
configure:4263: checking for string.h
configure:4263: gcc -c -g -O2  conftest.c >&5
configure:4263: $? = 0
configure:4263: result: yes
configure:4263: checking for memory.h
configure:4263: gcc -c -g -O2  conftest.c >&5
configure:4263: $? = 0
configure:4263: result: yes
configure:4263: checking for strings.h
configure:4263: gcc -c -g -O2  conftest.c >&5
configure:4263: $? = 0
configure:4263: result: yes
configure:4263: checking for inttypes.h
configure:4263: gcc -c -g -O2  conftest.c >&5
configure:4263: $? = 0
configure:4263: result: yes
configure:4263: checking for stdint.h
configure:4263: gcc -c -g -O2  conftest.c >&5
configure:4263: $? = 0
configure:4263: result: yes
configure:4263: checking for unistd.h
configure:4263: gcc -c -g -O2  conftest.c >&5
configure:4263: $? = 0
configure:4263: result: yes
configure:4276: checking minix/config.h usability
configure:4276: gcc -c -g -O2  conftest.c >&5
conftest.c:54:26: fatal error: minix/config.h: No such file or directory
compilation terminated.
configure:4276: $? = 1
configure: failed program was:
| /* confdefs.h */
| #define PACKAGE_NAME "libnet"
| #define PACKAGE_TARNAME "libnet"
| #define PACKAGE_VERSION "1.1.6"
| #define PACKAGE_STRING "libnet 1.1.6"
| #define PACKAGE_BUGREPORT ""
| #define PACKAGE_URL ""
| #define PACKAGE "libnet"
| #define VERSION "1.1.6"
| #define STDC_HEADERS 1
| #define HAVE_SYS_TYPES_H 1
| #define HAVE_SYS_STAT_H 1
| #define HAVE_STDLIB_H 1
| #define HAVE_STRING_H 1
| #define HAVE_MEMORY_H 1
| #define HAVE_STRINGS_H 1
| #define HAVE_INTTYPES_H 1
| #define HAVE_STDINT_H 1
| #define HAVE_UNISTD_H 1
| /* end confdefs.h.  */
| #include <stdio.h>
| #ifdef HAVE_SYS_TYPES_H
| # include <sys/types.h>
| #endif
| #ifdef HAVE_SYS_STAT_H
| # include <sys/stat.h>
| #endif
| #ifdef STDC_HEADERS
| # include <stdlib.h>
| # include <stddef.h>
| #else
| # ifdef HAVE_STDLIB_H
| #  include <stdlib.h>
| # endif
| #endif
| #ifdef HAVE_STRING_H
| # if !defined STDC_HEADERS && defined HAVE_MEMORY_H
| #  include <memory.h>
| # endif
| # include <string.h>
| #endif
| #ifdef HAVE_STRINGS_H
| # include <strings.h>
| #endif
| #ifdef HAVE_INTTYPES_H
| # include <inttypes.h>
| #endif
| #ifdef HAVE_STDINT_H
| # include <stdint.h>
| #endif
| #ifdef HAVE_UNISTD_H
| # include <unistd.h>
| #endif
| #include <minix/config.h>
configure:4276: result: no
configure:4276: checking minix/config.h presence
configure:4276: gcc -E  conftest.c
conftest.c:21:26: fatal error: minix/config.h: No such file or directory
compilation terminated.
configure:4276: $? = 1
configure: failed program was:
| /* confdefs.h */
| #define PACKAGE_NAME "libnet"
| #define PACKAGE_TARNAME "libnet"
| #define PACKAGE_VERSION "1.1.6"
| #define PACKAGE_STRING "libnet 1.1.6"
| #define PACKAGE_BUGREPORT ""
| #define PACKAGE_URL ""
| #define PACKAGE "libnet"
| #define VERSION "1.1.6"
| #define STDC_HEADERS 1
| #define HAVE_SYS_TYPES_H 1
| #define HAVE_SYS_STAT_H 1
| #define HAVE_STDLIB_H 1
| #define HAVE_STRING_H 1
| #define HAVE_MEMORY_H 1
| #define HAVE_STRINGS_H 1
| #define HAVE_INTTYPES_H 1
| #define HAVE_STDINT_H 1
| #define HAVE_UNISTD_H 1
| /* end confdefs.h.  */
| #include <minix/config.h>
configure:4276: result: no
configure:4276: checking for minix/config.h
configure:4276: result: no
configure:4297: checking whether it is safe to define __EXTENSIONS__
configure:4315: gcc -c -g -O2  conftest.c >&5
configure:4315: $? = 0
configure:4322: result: yes
configure:4382: checking how to print strings
configure:4409: result: printf
configure:4430: checking for a sed that does not truncate output
configure:4494: result: /bin/sed
configure:4512: checking for fgrep
configure:4574: result: /bin/grep -F
configure:4609: checking for ld used by gcc
configure:4676: result: /usr/bin/ld
configure:4683: checking if the linker (/usr/bin/ld) is GNU ld
configure:4698: result: yes
configure:4710: checking for BSD- or MS-compatible name lister (nm)
configure:4759: result: /usr/bin/nm -B
configure:4889: checking the name lister (/usr/bin/nm -B) interface
configure:4896: gcc -c -g -O2  conftest.c >&5
configure:4899: /usr/bin/nm -B "conftest.o"
configure:4902: output
0000000000000000 B some_variable
configure:4909: result: BSD nm
configure:4912: checking whether ln -s works
configure:4916: result: yes
configure:4924: checking the maximum length of command line arguments
configure:5049: result: 1572864
configure:5066: checking whether the shell understands some XSI constructs
configure:5076: result: yes
configure:5080: checking whether the shell understands "+="
configure:5086: result: yes
configure:5121: checking how to convert x86_64-unknown-linux-gnu file names to x86_64-unknown-linux-gnu format
configure:5161: result: func_convert_file_noop
configure:5168: checking how to convert x86_64-unknown-linux-gnu file names to toolchain format
configure:5188: result: func_convert_file_noop
configure:5195: checking for /usr/bin/ld option to reload object files
configure:5202: result: -r
configure:5276: checking for objdump
configure:5292: found /usr/bin/objdump
configure:5303: result: objdump
configure:5335: checking how to recognize dependent libraries
configure:5537: result: pass_all
configure:5622: checking for dlltool
configure:5652: result: no
configure:5682: checking how to associate runtime and link libraries
configure:5709: result: printf %s\n
configure:5769: checking for ar
configure:5785: found /usr/bin/ar
configure:5796: result: ar
configure:5833: checking for archiver @FILE support
configure:5850: gcc -c -g -O2  conftest.c >&5
configure:5850: $? = 0
configure:5853: ar cru libconftest.a @conftest.lst >&5
configure:5856: $? = 0
configure:5861: ar cru libconftest.a @conftest.lst >&5
ar: conftest.o: No such file or directory
configure:5864: $? = 1
configure:5876: result: @
configure:5934: checking for strip
configure:5950: found /usr/bin/strip
configure:5961: result: strip
configure:6033: checking for ranlib
configure:6049: found /usr/bin/ranlib
configure:6060: result: ranlib
configure:6162: checking command to parse /usr/bin/nm -B output from gcc object
configure:6281: gcc -c -g -O2  conftest.c >&5
configure:6284: $? = 0
configure:6288: /usr/bin/nm -B conftest.o \| sed -n -e 's/^.*[ ]\([ABCDGIRSTW][ABCDGIRSTW]*\)[ ][ ]*\([_A-Za-z][_A-Za-z0-9]*\)$/\1 \2 \2/p' | sed '/ __gnu_lto/d' \> conftest.nm
configure:6291: $? = 0
configure:6357: gcc -o conftest -g -O2   conftest.c conftstm.o >&5
configure:6360: $? = 0
configure:6398: result: ok
configure:6435: checking for sysroot
configure:6465: result: no
configure:6542: gcc -c -g -O2  conftest.c >&5
configure:6545: $? = 0
configure:6708: checking for mt
configure:6724: found /bin/mt
configure:6735: result: mt
configure:6758: checking if mt is a manifest tool
configure:6764: mt '-?'
configure:6772: result: no
configure:7401: checking for dlfcn.h
configure:7401: gcc -c -g -O2  conftest.c >&5
configure:7401: $? = 0
configure:7401: result: yes
configure:7588: checking for objdir
configure:7603: result: .libs
configure:7870: checking if gcc supports -fno-rtti -fno-exceptions
configure:7888: gcc -c -g -O2  -fno-rtti -fno-exceptions conftest.c >&5
cc1: warning: command line option '-fno-rtti' is valid for C++/ObjC++ but not for C [enabled by default]
configure:7892: $? = 0
configure:7905: result: no
configure:8215: checking for gcc option to produce PIC
configure:8222: result: -fPIC -DPIC
configure:8230: checking if gcc PIC flag -fPIC -DPIC works
configure:8248: gcc -c -g -O2  -fPIC -DPIC -DPIC conftest.c >&5
configure:8252: $? = 0
configure:8265: result: yes
configure:8294: checking if gcc static flag -static works
configure:8322: result: yes
configure:8337: checking if gcc supports -c -o file.o
configure:8358: gcc -c -g -O2  -o out/conftest2.o conftest.c >&5
configure:8362: $? = 0
configure:8384: result: yes
configure:8392: checking if gcc supports -c -o file.o
configure:8439: result: yes
configure:8472: checking whether the gcc linker (/usr/bin/ld -m elf_x86_64) supports shared libraries
configure:9634: result: yes
configure:9671: checking whether -lc should be explicitly linked in
configure:9679: gcc -c -g -O2  conftest.c >&5
configure:9682: $? = 0
configure:9697: gcc -shared  -fPIC -DPIC conftest.o  -v -Wl,-soname -Wl,conftest -o conftest 2\>\&1 \| /bin/grep  -lc  \>/dev/null 2\>\&1
configure:9700: $? = 0
configure:9714: result: no
configure:9879: checking dynamic linker characteristics
configure:10394: gcc -o conftest -g -O2   -Wl,-rpath -Wl,/foo conftest.c  >&5
configure:10394: $? = 0
configure:10628: result: GNU/Linux ld.so
configure:10735: checking how to hardcode library paths into programs
configure:10760: result: immediate
configure:11300: checking whether stripping libraries is possible
configure:11305: result: yes
configure:11340: checking if libtool supports shared libraries
configure:11342: result: yes
configure:11345: checking whether to build shared libraries
configure:11366: result: yes
configure:11369: checking whether to build static libraries
configure:11373: result: yes
configure:11411: checking sys/sockio.h usability
configure:11411: gcc -c -g -O2  conftest.c >&5
conftest.c:61:24: fatal error: sys/sockio.h: No such file or directory
compilation terminated.
configure:11411: $? = 1
configure: failed program was:
| /* confdefs.h */
| #define PACKAGE_NAME "libnet"
| #define PACKAGE_TARNAME "libnet"
| #define PACKAGE_VERSION "1.1.6"
| #define PACKAGE_STRING "libnet 1.1.6"
| #define PACKAGE_BUGREPORT ""
| #define PACKAGE_URL ""
| #define PACKAGE "libnet"
| #define VERSION "1.1.6"
| #define STDC_HEADERS 1
| #define HAVE_SYS_TYPES_H 1
| #define HAVE_SYS_STAT_H 1
| #define HAVE_STDLIB_H 1
| #define HAVE_STRING_H 1
| #define HAVE_MEMORY_H 1
| #define HAVE_STRINGS_H 1
| #define HAVE_INTTYPES_H 1
| #define HAVE_STDINT_H 1
| #define HAVE_UNISTD_H 1
| #define __EXTENSIONS__ 1
| #define _ALL_SOURCE 1
| #define _GNU_SOURCE 1
| #define _POSIX_PTHREAD_SEMANTICS 1
| #define _TANDEM_SOURCE 1
| #define HAVE_DLFCN_H 1
| #define LT_OBJDIR ".libs/"
| /* end confdefs.h.  */
| #include <stdio.h>
| #ifdef HAVE_SYS_TYPES_H
| # include <sys/types.h>
| #endif
| #ifdef HAVE_SYS_STAT_H
| # include <sys/stat.h>
| #endif
| #ifdef STDC_HEADERS
| # include <stdlib.h>
| # include <stddef.h>
| #else
| # ifdef HAVE_STDLIB_H
| #  include <stdlib.h>
| # endif
| #endif
| #ifdef HAVE_STRING_H
| # if !defined STDC_HEADERS && defined HAVE_MEMORY_H
| #  include <memory.h>
| # endif
| # include <string.h>
| #endif
| #ifdef HAVE_STRINGS_H
| # include <strings.h>
| #endif
| #ifdef HAVE_INTTYPES_H
| # include <inttypes.h>
| #endif
| #ifdef HAVE_STDINT_H
| # include <stdint.h>
| #endif
| #ifdef HAVE_UNISTD_H
| # include <unistd.h>
| #endif
| #include <sys/sockio.h>
configure:11411: result: no
configure:11411: checking sys/sockio.h presence
configure:11411: gcc -E  conftest.c
conftest.c:28:24: fatal error: sys/sockio.h: No such file or directory
compilation terminated.
configure:11411: $? = 1
configure: failed program was:
| /* confdefs.h */
| #define PACKAGE_NAME "libnet"
| #define PACKAGE_TARNAME "libnet"
| #define PACKAGE_VERSION "1.1.6"
| #define PACKAGE_STRING "libnet 1.1.6"
| #define PACKAGE_BUGREPORT ""
| #define PACKAGE_URL ""
| #define PACKAGE "libnet"
| #define VERSION "1.1.6"
| #define STDC_HEADERS 1
| #define HAVE_SYS_TYPES_H 1
| #define HAVE_SYS_STAT_H 1
| #define HAVE_STDLIB_H 1
| #define HAVE_STRING_H 1
| #define HAVE_MEMORY_H 1
| #define HAVE_STRINGS_H 1
| #define HAVE_INTTYPES_H 1
| #define HAVE_STDINT_H 1
| #define HAVE_UNISTD_H 1
| #define __EXTENSIONS__ 1
| #define _ALL_SOURCE 1
| #define _GNU_SOURCE 1
| #define _POSIX_PTHREAD_SEMANTICS 1
| #define _TANDEM_SOURCE 1
| #define HAVE_DLFCN_H 1
| #define LT_OBJDIR ".libs/"
| /* end confdefs.h.  */
| #include <sys/sockio.h>
configure:11411: result: no
configure:11411: checking for sys/sockio.h
configure:11411: result: no
configure:11423: checking for gethostbyname2
configure:11423: gcc -o conftest -g -O2   conftest.c  >&5
configure:11423: $? = 0
configure:11423: result: yes
configure:11434: checking for getifaddrs
configure:11434: gcc -o conftest -g -O2   conftest.c  >&5
configure:11434: $? = 0
configure:11434: result: yes
configure:11443: checking for uint16_t
configure:11443: gcc -c -g -O2  conftest.c >&5
configure:11443: $? = 0
configure:11443: result: yes
configure:11455: checking for uint32_t
configure:11455: gcc -c -g -O2  conftest.c >&5
configure:11455: $? = 0
configure:11455: result: yes
configure:11469: checking for uint64_t
configure:11469: gcc -c -g -O2  conftest.c >&5
configure:11469: $? = 0
configure:11469: result: yes
configure:11485: checking whether byte ordering is bigendian
configure:11500: gcc -c -g -O2  conftest.c >&5
conftest.c:31:9: error: unknown type name 'not'
conftest.c:31:15: error: expected '=', ',', ';', 'asm' or '__attribute__' before 'universal'
conftest.c:31:15: error: unknown type name 'universal'
configure:11500: $? = 1
configure: failed program was:
| /* confdefs.h */
| #define PACKAGE_NAME "libnet"
| #define PACKAGE_TARNAME "libnet"
| #define PACKAGE_VERSION "1.1.6"
| #define PACKAGE_STRING "libnet 1.1.6"
| #define PACKAGE_BUGREPORT ""
| #define PACKAGE_URL ""
| #define PACKAGE "libnet"
| #define VERSION "1.1.6"
| #define STDC_HEADERS 1
| #define HAVE_SYS_TYPES_H 1
| #define HAVE_SYS_STAT_H 1
| #define HAVE_STDLIB_H 1
| #define HAVE_STRING_H 1
| #define HAVE_MEMORY_H 1
| #define HAVE_STRINGS_H 1
| #define HAVE_INTTYPES_H 1
| #define HAVE_STDINT_H 1
| #define HAVE_UNISTD_H 1
| #define __EXTENSIONS__ 1
| #define _ALL_SOURCE 1
| #define _GNU_SOURCE 1
| #define _POSIX_PTHREAD_SEMANTICS 1
| #define _TANDEM_SOURCE 1
| #define HAVE_DLFCN_H 1
| #define LT_OBJDIR ".libs/"
| #define HAVE_GETHOSTBYNAME2 1
| #define HAVE_GETIFADDRS 1
| /* end confdefs.h.  */
| #ifndef __APPLE_CC__
| 	       not a universal capable compiler
| 	     #endif
| 	     typedef int dummy;
| 
configure:11545: gcc -c -g -O2  conftest.c >&5
configure:11545: $? = 0
configure:11563: gcc -c -g -O2  conftest.c >&5
conftest.c: In function 'main':
conftest.c:37:4: error: unknown type name 'not'
conftest.c:37:12: error: expected '=', ',', ';', 'asm' or '__attribute__' before 'endian'
configure:11563: $? = 1
configure: failed program was:
| /* confdefs.h */
| #define PACKAGE_NAME "libnet"
| #define PACKAGE_TARNAME "libnet"
| #define PACKAGE_VERSION "1.1.6"
| #define PACKAGE_STRING "libnet 1.1.6"
| #define PACKAGE_BUGREPORT ""
| #define PACKAGE_URL ""
| #define PACKAGE "libnet"
| #define VERSION "1.1.6"
| #define STDC_HEADERS 1
| #define HAVE_SYS_TYPES_H 1
| #define HAVE_SYS_STAT_H 1
| #define HAVE_STDLIB_H 1
| #define HAVE_STRING_H 1
| #define HAVE_MEMORY_H 1
| #define HAVE_STRINGS_H 1
| #define HAVE_INTTYPES_H 1
| #define HAVE_STDINT_H 1
| #define HAVE_UNISTD_H 1
| #define __EXTENSIONS__ 1
| #define _ALL_SOURCE 1
| #define _GNU_SOURCE 1
| #define _POSIX_PTHREAD_SEMANTICS 1
| #define _TANDEM_SOURCE 1
| #define HAVE_DLFCN_H 1
| #define LT_OBJDIR ".libs/"
| #define HAVE_GETHOSTBYNAME2 1
| #define HAVE_GETIFADDRS 1
| /* end confdefs.h.  */
| #include <sys/types.h>
| 		#include <sys/param.h>
| 
| int
| main ()
| {
| #if BYTE_ORDER != BIG_ENDIAN
| 		 not big endian
| 		#endif
| 
|   ;
|   return 0;
| }
configure:11691: result: no
configure:11744: checking net/pfilt.h usability
configure:11744: gcc -c -g -O2  conftest.c >&5
conftest.c:64:23: fatal error: net/pfilt.h: No such file or directory
compilation terminated.
configure:11744: $? = 1
configure: failed program was:
| /* confdefs.h */
| #define PACKAGE_NAME "libnet"
| #define PACKAGE_TARNAME "libnet"
| #define PACKAGE_VERSION "1.1.6"
| #define PACKAGE_STRING "libnet 1.1.6"
| #define PACKAGE_BUGREPORT ""
| #define PACKAGE_URL ""
| #define PACKAGE "libnet"
| #define VERSION "1.1.6"
| #define STDC_HEADERS 1
| #define HAVE_SYS_TYPES_H 1
| #define HAVE_SYS_STAT_H 1
| #define HAVE_STDLIB_H 1
| #define HAVE_STRING_H 1
| #define HAVE_MEMORY_H 1
| #define HAVE_STRINGS_H 1
| #define HAVE_INTTYPES_H 1
| #define HAVE_STDINT_H 1
| #define HAVE_UNISTD_H 1
| #define __EXTENSIONS__ 1
| #define _ALL_SOURCE 1
| #define _GNU_SOURCE 1
| #define _POSIX_PTHREAD_SEMANTICS 1
| #define _TANDEM_SOURCE 1
| #define HAVE_DLFCN_H 1
| #define LT_OBJDIR ".libs/"
| #define HAVE_GETHOSTBYNAME2 1
| #define HAVE_GETIFADDRS 1
| #define LIBNET_LIL_ENDIAN 1
| /* end confdefs.h.  */
| #include <stdio.h>
| #ifdef HAVE_SYS_TYPES_H
| # include <sys/types.h>
| #endif
| #ifdef HAVE_SYS_STAT_H
| # include <sys/stat.h>
| #endif
| #ifdef STDC_HEADERS
| # include <stdlib.h>
| # include <stddef.h>
| #else
| # ifdef HAVE_STDLIB_H
| #  include <stdlib.h>
| # endif
| #endif
| #ifdef HAVE_STRING_H
| # if !defined STDC_HEADERS && defined HAVE_MEMORY_H
| #  include <memory.h>
| # endif
| # include <string.h>
| #endif
| #ifdef HAVE_STRINGS_H
| # include <strings.h>
| #endif
| #ifdef HAVE_INTTYPES_H
| # include <inttypes.h>
| #endif
| #ifdef HAVE_STDINT_H
| # include <stdint.h>
| #endif
| #ifdef HAVE_UNISTD_H
| # include <unistd.h>
| #endif
| #include <net/pfilt.h>
configure:11744: result: no
configure:11744: checking net/pfilt.h presence
configure:11744: gcc -E  conftest.c
conftest.c:31:23: fatal error: net/pfilt.h: No such file or directory
compilation terminated.
configure:11744: $? = 1
configure: failed program was:
| /* confdefs.h */
| #define PACKAGE_NAME "libnet"
| #define PACKAGE_TARNAME "libnet"
| #define PACKAGE_VERSION "1.1.6"
| #define PACKAGE_STRING "libnet 1.1.6"
| #define PACKAGE_BUGREPORT ""
| #define PACKAGE_URL ""
| #define PACKAGE "libnet"
| #define VERSION "1.1.6"
| #define STDC_HEADERS 1
| #define HAVE_SYS_TYPES_H 1
| #define HAVE_SYS_STAT_H 1
| #define HAVE_STDLIB_H 1
| #define HAVE_STRING_H 1
| #define HAVE_MEMORY_H 1
| #define HAVE_STRINGS_H 1
| #define HAVE_INTTYPES_H 1
| #define HAVE_STDINT_H 1
| #define HAVE_UNISTD_H 1
| #define __EXTENSIONS__ 1
| #define _ALL_SOURCE 1
| #define _GNU_SOURCE 1
| #define _POSIX_PTHREAD_SEMANTICS 1
| #define _TANDEM_SOURCE 1
| #define HAVE_DLFCN_H 1
| #define LT_OBJDIR ".libs/"
| #define HAVE_GETHOSTBYNAME2 1
| #define HAVE_GETIFADDRS 1
| #define LIBNET_LIL_ENDIAN 1
| /* end confdefs.h.  */
| #include <net/pfilt.h>
configure:11744: result: no
configure:11744: checking for net/pfilt.h
configure:11744: result: no
configure:11744: checking sys/net/nit.h usability
configure:11744: gcc -c -g -O2  conftest.c >&5
conftest.c:64:25: fatal error: sys/net/nit.h: No such file or directory
compilation terminated.
configure:11744: $? = 1
configure: failed program was:
| /* confdefs.h */
| #define PACKAGE_NAME "libnet"
| #define PACKAGE_TARNAME "libnet"
| #define PACKAGE_VERSION "1.1.6"
| #define PACKAGE_STRING "libnet 1.1.6"
| #define PACKAGE_BUGREPORT ""
| #define PACKAGE_URL ""
| #define PACKAGE "libnet"
| #define VERSION "1.1.6"
| #define STDC_HEADERS 1
| #define HAVE_SYS_TYPES_H 1
| #define HAVE_SYS_STAT_H 1
| #define HAVE_STDLIB_H 1
| #define HAVE_STRING_H 1
| #define HAVE_MEMORY_H 1
| #define HAVE_STRINGS_H 1
| #define HAVE_INTTYPES_H 1
| #define HAVE_STDINT_H 1
| #define HAVE_UNISTD_H 1
| #define __EXTENSIONS__ 1
| #define _ALL_SOURCE 1
| #define _GNU_SOURCE 1
| #define _POSIX_PTHREAD_SEMANTICS 1
| #define _TANDEM_SOURCE 1
| #define HAVE_DLFCN_H 1
| #define LT_OBJDIR ".libs/"
| #define HAVE_GETHOSTBYNAME2 1
| #define HAVE_GETIFADDRS 1
| #define LIBNET_LIL_ENDIAN 1
| /* end confdefs.h.  */
| #include <stdio.h>
| #ifdef HAVE_SYS_TYPES_H
| # include <sys/types.h>
| #endif
| #ifdef HAVE_SYS_STAT_H
| # include <sys/stat.h>
| #endif
| #ifdef STDC_HEADERS
| # include <stdlib.h>
| # include <stddef.h>
| #else
| # ifdef HAVE_STDLIB_H
| #  include <stdlib.h>
| # endif
| #endif
| #ifdef HAVE_STRING_H
| # if !defined STDC_HEADERS && defined HAVE_MEMORY_H
| #  include <memory.h>
| # endif
| # include <string.h>
| #endif
| #ifdef HAVE_STRINGS_H
| # include <strings.h>
| #endif
| #ifdef HAVE_INTTYPES_H
| # include <inttypes.h>
| #endif
| #ifdef HAVE_STDINT_H
| # include <stdint.h>
| #endif
| #ifdef HAVE_UNISTD_H
| # include <unistd.h>
| #endif
| #include <sys/net/nit.h>
configure:11744: result: no
configure:11744: checking sys/net/nit.h presence
configure:11744: gcc -E  conftest.c
conftest.c:31:25: fatal error: sys/net/nit.h: No such file or directory
compilation terminated.
configure:11744: $? = 1
configure: failed program was:
| /* confdefs.h */
| #define PACKAGE_NAME "libnet"
| #define PACKAGE_TARNAME "libnet"
| #define PACKAGE_VERSION "1.1.6"
| #define PACKAGE_STRING "libnet 1.1.6"
| #define PACKAGE_BUGREPORT ""
| #define PACKAGE_URL ""
| #define PACKAGE "libnet"
| #define VERSION "1.1.6"
| #define STDC_HEADERS 1
| #define HAVE_SYS_TYPES_H 1
| #define HAVE_SYS_STAT_H 1
| #define HAVE_STDLIB_H 1
| #define HAVE_STRING_H 1
| #define HAVE_MEMORY_H 1
| #define HAVE_STRINGS_H 1
| #define HAVE_INTTYPES_H 1
| #define HAVE_STDINT_H 1
| #define HAVE_UNISTD_H 1
| #define __EXTENSIONS__ 1
| #define _ALL_SOURCE 1
| #define _GNU_SOURCE 1
| #define _POSIX_PTHREAD_SEMANTICS 1
| #define _TANDEM_SOURCE 1
| #define HAVE_DLFCN_H 1
| #define LT_OBJDIR ".libs/"
| #define HAVE_GETHOSTBYNAME2 1
| #define HAVE_GETIFADDRS 1
| #define LIBNET_LIL_ENDIAN 1
| /* end confdefs.h.  */
| #include <sys/net/nit.h>
configure:11744: result: no
configure:11744: checking for sys/net/nit.h
configure:11744: result: no
configure:11744: checking net/raw.h usability
configure:11744: gcc -c -g -O2  conftest.c >&5
conftest.c:64:21: fatal error: net/raw.h: No such file or directory
compilation terminated.
configure:11744: $? = 1
configure: failed program was:
| /* confdefs.h */
| #define PACKAGE_NAME "libnet"
| #define PACKAGE_TARNAME "libnet"
| #define PACKAGE_VERSION "1.1.6"
| #define PACKAGE_STRING "libnet 1.1.6"
| #define PACKAGE_BUGREPORT ""
| #define PACKAGE_URL ""
| #define PACKAGE "libnet"
| #define VERSION "1.1.6"
| #define STDC_HEADERS 1
| #define HAVE_SYS_TYPES_H 1
| #define HAVE_SYS_STAT_H 1
| #define HAVE_STDLIB_H 1
| #define HAVE_STRING_H 1
| #define HAVE_MEMORY_H 1
| #define HAVE_STRINGS_H 1
| #define HAVE_INTTYPES_H 1
| #define HAVE_STDINT_H 1
| #define HAVE_UNISTD_H 1
| #define __EXTENSIONS__ 1
| #define _ALL_SOURCE 1
| #define _GNU_SOURCE 1
| #define _POSIX_PTHREAD_SEMANTICS 1
| #define _TANDEM_SOURCE 1
| #define HAVE_DLFCN_H 1
| #define LT_OBJDIR ".libs/"
| #define HAVE_GETHOSTBYNAME2 1
| #define HAVE_GETIFADDRS 1
| #define LIBNET_LIL_ENDIAN 1
| /* end confdefs.h.  */
| #include <stdio.h>
| #ifdef HAVE_SYS_TYPES_H
| # include <sys/types.h>
| #endif
| #ifdef HAVE_SYS_STAT_H
| # include <sys/stat.h>
| #endif
| #ifdef STDC_HEADERS
| # include <stdlib.h>
| # include <stddef.h>
| #else
| # ifdef HAVE_STDLIB_H
| #  include <stdlib.h>
| # endif
| #endif
| #ifdef HAVE_STRING_H
| # if !defined STDC_HEADERS && defined HAVE_MEMORY_H
| #  include <memory.h>
| # endif
| # include <string.h>
| #endif
| #ifdef HAVE_STRINGS_H
| # include <strings.h>
| #endif
| #ifdef HAVE_INTTYPES_H
| # include <inttypes.h>
| #endif
| #ifdef HAVE_STDINT_H
| # include <stdint.h>
| #endif
| #ifdef HAVE_UNISTD_H
| # include <unistd.h>
| #endif
| #include <net/raw.h>
configure:11744: result: no
configure:11744: checking net/raw.h presence
configure:11744: gcc -E  conftest.c
conftest.c:31:21: fatal error: net/raw.h: No such file or directory
compilation terminated.
configure:11744: $? = 1
configure: failed program was:
| /* confdefs.h */
| #define PACKAGE_NAME "libnet"
| #define PACKAGE_TARNAME "libnet"
| #define PACKAGE_VERSION "1.1.6"
| #define PACKAGE_STRING "libnet 1.1.6"
| #define PACKAGE_BUGREPORT ""
| #define PACKAGE_URL ""
| #define PACKAGE "libnet"
| #define VERSION "1.1.6"
| #define STDC_HEADERS 1
| #define HAVE_SYS_TYPES_H 1
| #define HAVE_SYS_STAT_H 1
| #define HAVE_STDLIB_H 1
| #define HAVE_STRING_H 1
| #define HAVE_MEMORY_H 1
| #define HAVE_STRINGS_H 1
| #define HAVE_INTTYPES_H 1
| #define HAVE_STDINT_H 1
| #define HAVE_UNISTD_H 1
| #define __EXTENSIONS__ 1
| #define _ALL_SOURCE 1
| #define _GNU_SOURCE 1
| #define _POSIX_PTHREAD_SEMANTICS 1
| #define _TANDEM_SOURCE 1
| #define HAVE_DLFCN_H 1
| #define LT_OBJDIR ".libs/"
| #define HAVE_GETHOSTBYNAME2 1
| #define HAVE_GETIFADDRS 1
| #define LIBNET_LIL_ENDIAN 1
| /* end confdefs.h.  */
| #include <net/raw.h>
configure:11744: result: no
configure:11744: checking for net/raw.h
configure:11744: result: no
configure:11744: checking sys/dlpi.h usability
configure:11744: gcc -c -g -O2  conftest.c >&5
conftest.c:64:22: fatal error: sys/dlpi.h: No such file or directory
compilation terminated.
configure:11744: $? = 1
configure: failed program was:
| /* confdefs.h */
| #define PACKAGE_NAME "libnet"
| #define PACKAGE_TARNAME "libnet"
| #define PACKAGE_VERSION "1.1.6"
| #define PACKAGE_STRING "libnet 1.1.6"
| #define PACKAGE_BUGREPORT ""
| #define PACKAGE_URL ""
| #define PACKAGE "libnet"
| #define VERSION "1.1.6"
| #define STDC_HEADERS 1
| #define HAVE_SYS_TYPES_H 1
| #define HAVE_SYS_STAT_H 1
| #define HAVE_STDLIB_H 1
| #define HAVE_STRING_H 1
| #define HAVE_MEMORY_H 1
| #define HAVE_STRINGS_H 1
| #define HAVE_INTTYPES_H 1
| #define HAVE_STDINT_H 1
| #define HAVE_UNISTD_H 1
| #define __EXTENSIONS__ 1
| #define _ALL_SOURCE 1
| #define _GNU_SOURCE 1
| #define _POSIX_PTHREAD_SEMANTICS 1
| #define _TANDEM_SOURCE 1
| #define HAVE_DLFCN_H 1
| #define LT_OBJDIR ".libs/"
| #define HAVE_GETHOSTBYNAME2 1
| #define HAVE_GETIFADDRS 1
| #define LIBNET_LIL_ENDIAN 1
| /* end confdefs.h.  */
| #include <stdio.h>
| #ifdef HAVE_SYS_TYPES_H
| # include <sys/types.h>
| #endif
| #ifdef HAVE_SYS_STAT_H
| # include <sys/stat.h>
| #endif
| #ifdef STDC_HEADERS
| # include <stdlib.h>
| # include <stddef.h>
| #else
| # ifdef HAVE_STDLIB_H
| #  include <stdlib.h>
| # endif
| #endif
| #ifdef HAVE_STRING_H
| # if !defined STDC_HEADERS && defined HAVE_MEMORY_H
| #  include <memory.h>
| # endif
| # include <string.h>
| #endif
| #ifdef HAVE_STRINGS_H
| # include <strings.h>
| #endif
| #ifdef HAVE_INTTYPES_H
| # include <inttypes.h>
| #endif
| #ifdef HAVE_STDINT_H
| # include <stdint.h>
| #endif
| #ifdef HAVE_UNISTD_H
| # include <unistd.h>
| #endif
| #include <sys/dlpi.h>
configure:11744: result: no
configure:11744: checking sys/dlpi.h presence
configure:11744: gcc -E  conftest.c
conftest.c:31:22: fatal error: sys/dlpi.h: No such file or directory
compilation terminated.
configure:11744: $? = 1
configure: failed program was:
| /* confdefs.h */
| #define PACKAGE_NAME "libnet"
| #define PACKAGE_TARNAME "libnet"
| #define PACKAGE_VERSION "1.1.6"
| #define PACKAGE_STRING "libnet 1.1.6"
| #define PACKAGE_BUGREPORT ""
| #define PACKAGE_URL ""
| #define PACKAGE "libnet"
| #define VERSION "1.1.6"
| #define STDC_HEADERS 1
| #define HAVE_SYS_TYPES_H 1
| #define HAVE_SYS_STAT_H 1
| #define HAVE_STDLIB_H 1
| #define HAVE_STRING_H 1
| #define HAVE_MEMORY_H 1
| #define HAVE_STRINGS_H 1
| #define HAVE_INTTYPES_H 1
| #define HAVE_STDINT_H 1
| #define HAVE_UNISTD_H 1
| #define __EXTENSIONS__ 1
| #define _ALL_SOURCE 1
| #define _GNU_SOURCE 1
| #define _POSIX_PTHREAD_SEMANTICS 1
| #define _TANDEM_SOURCE 1
| #define HAVE_DLFCN_H 1
| #define LT_OBJDIR ".libs/"
| #define HAVE_GETHOSTBYNAME2 1
| #define HAVE_GETIFADDRS 1
| #define LIBNET_LIL_ENDIAN 1
| /* end confdefs.h.  */
| #include <sys/dlpi.h>
configure:11744: result: no
configure:11744: checking for sys/dlpi.h
configure:11744: result: no
configure:11744: checking linux/socket.h usability
configure:11744: gcc -c -g -O2  conftest.c >&5
configure:11744: $? = 0
configure:11744: result: yes
configure:11744: checking linux/socket.h presence
configure:11744: gcc -E  conftest.c
configure:11744: $? = 0
configure:11744: result: yes
configure:11744: checking for linux/socket.h
configure:11744: result: yes
configure:11755: checking link-layer packet interface type
configure:11977: result: found link layer linux
configure:11980: checking for packet socket (PF_PACKET)
configure:12042: result: test program got EPERM... assuming yes
configure:12061: checking for Linux proc filesystem
configure:12073: result: yes
configure:12150: checking net/ethernet.h usability
configure:12150: gcc -c -g -O2  conftest.c >&5
configure:12150: $? = 0
configure:12150: result: yes
configure:12150: checking net/ethernet.h presence
configure:12150: gcc -E  conftest.c
configure:12150: $? = 0
configure:12150: result: yes
configure:12150: checking for net/ethernet.h
configure:12150: result: yes
configure:12750: creating ./config.status

## ---------------------- ##
## Running config.status. ##
## ---------------------- ##

This file was extended by libnet config.status 1.1.6, which was
generated by GNU Autoconf 2.68.  Invocation command line was

  CONFIG_FILES    = 
  CONFIG_HEADERS  = 
  CONFIG_LINKS    = 
  CONFIG_COMMANDS = 
  $ ./config.status 

on ubuntu

config.status:1130: creating Makefile
config.status:1130: creating src/Makefile
config.status:1130: creating win32/Makefile
config.status:1130: creating include/Makefile
config.status:1130: creating include/libnet/Makefile
config.status:1130: creating include/win32/Makefile
config.status:1130: creating sample/Makefile
config.status:1130: creating doc/Makefile
config.status:1130: creating doc/man/Makefile
config.status:1130: creating doc/man/man3/Makefile
config.status:1130: creating doc/html/Makefile
config.status:1130: creating version.h
config.status:1130: creating include/libnet.h
config.status:1130: creating libnet-config
config.status:1130: creating include/config.h
config.status:1311: include/config.h is unchanged
config.status:1359: executing depfiles commands
config.status:1359: executing libtool commands

## ---------------- ##
## Cache variables. ##
## ---------------- ##

ac_cv_build=x86_64-unknown-linux-gnu
ac_cv_c_bigendian=no
ac_cv_c_compiler_gnu=yes
ac_cv_c_uint16_t=yes
ac_cv_c_uint32_t=yes
ac_cv_c_uint64_t=yes
ac_cv_env_CC_set=
ac_cv_env_CC_value=
ac_cv_env_CFLAGS_set=
ac_cv_env_CFLAGS_value=
ac_cv_env_CPPFLAGS_set=
ac_cv_env_CPPFLAGS_value=
ac_cv_env_CPP_set=
ac_cv_env_CPP_value=
ac_cv_env_LDFLAGS_set=
ac_cv_env_LDFLAGS_value=
ac_cv_env_LIBS_set=
ac_cv_env_LIBS_value=
ac_cv_env_build_alias_set=
ac_cv_env_build_alias_value=
ac_cv_env_host_alias_set=
ac_cv_env_host_alias_value=
ac_cv_env_target_alias_set=
ac_cv_env_target_alias_value=
ac_cv_func_gethostbyname2=yes
ac_cv_func_getifaddrs=yes
ac_cv_header_dlfcn_h=yes
ac_cv_header_inttypes_h=yes
ac_cv_header_linux_socket_h=yes
ac_cv_header_memory_h=yes
ac_cv_header_minix_config_h=no
ac_cv_header_net_ethernet_h=yes
ac_cv_header_net_pfilt_h=no
ac_cv_header_net_raw_h=no
ac_cv_header_stdc=yes
ac_cv_header_stdint_h=yes
ac_cv_header_stdlib_h=yes
ac_cv_header_string_h=yes
ac_cv_header_strings_h=yes
ac_cv_header_sys_dlpi_h=no
ac_cv_header_sys_net_nit_h=no
ac_cv_header_sys_sockio_h=no
ac_cv_header_sys_stat_h=yes
ac_cv_header_sys_types_h=yes
ac_cv_header_unistd_h=yes
ac_cv_host=x86_64-unknown-linux-gnu
ac_cv_libnet_linux_procfs=yes
ac_cv_objext=o
ac_cv_path_EGREP='/bin/grep -E'
ac_cv_path_FGREP='/bin/grep -F'
ac_cv_path_GREP=/bin/grep
ac_cv_path_SED=/bin/sed
ac_cv_path_install='/usr/bin/install -c'
ac_cv_path_mkdir=/bin/mkdir
ac_cv_prog_AWK=mawk
ac_cv_prog_CPP='gcc -E'
ac_cv_prog_ac_ct_AR=ar
ac_cv_prog_ac_ct_CC=gcc
ac_cv_prog_ac_ct_MANIFEST_TOOL=mt
ac_cv_prog_ac_ct_OBJDUMP=objdump
ac_cv_prog_ac_ct_RANLIB=ranlib
ac_cv_prog_ac_ct_STRIP=strip
ac_cv_prog_cc_c89=
ac_cv_prog_cc_g=yes
ac_cv_prog_make_make_set=yes
ac_cv_safe_to_define___extensions__=yes
ac_cv_target=x86_64-unknown-linux-gnu
am_cv_CC_dependencies_compiler_type=none
libnet_cv_have_packet_socket=probably
lt_cv_ar_at_file=@
lt_cv_archive_cmds_need_lc=no
lt_cv_deplibs_check_method=pass_all
lt_cv_file_magic_cmd='$MAGIC_CMD'
lt_cv_file_magic_test_file=
lt_cv_ld_reload_flag=-r
lt_cv_nm_interface='BSD nm'
lt_cv_objdir=.libs
lt_cv_path_LD=/usr/bin/ld
lt_cv_path_NM='/usr/bin/nm -B'
lt_cv_path_mainfest_tool=no
lt_cv_prog_compiler_c_o=yes
lt_cv_prog_compiler_pic='-fPIC -DPIC'
lt_cv_prog_compiler_pic_works=yes
lt_cv_prog_compiler_rtti_exceptions=no
lt_cv_prog_compiler_static_works=yes
lt_cv_prog_gnu_ld=yes
lt_cv_sharedlib_from_linklib_cmd='printf %s\n'
lt_cv_shlibpath_overrides_runpath=no
lt_cv_sys_global_symbol_pipe='sed -n -e '\''s/^.*[	 ]\([ABCDGIRSTW][ABCDGIRSTW]*\)[	 ][	 ]*\([_A-Za-z][_A-Za-z0-9]*\)$/\1 \2 \2/p'\'' | sed '\''/ __gnu_lto/d'\'''
lt_cv_sys_global_symbol_to_c_name_address='sed -n -e '\''s/^: \([^ ]*\)[ ]*$/  {\"\1\", (void *) 0},/p'\'' -e '\''s/^[ABCDGIRSTW]* \([^ ]*\) \([^ ]*\)$/  {"\2", (void *) \&\2},/p'\'''
lt_cv_sys_global_symbol_to_c_name_address_lib_prefix='sed -n -e '\''s/^: \([^ ]*\)[ ]*$/  {\"\1\", (void *) 0},/p'\'' -e '\''s/^[ABCDGIRSTW]* \([^ ]*\) \(lib[^ ]*\)$/  {"\2", (void *) \&\2},/p'\'' -e '\''s/^[ABCDGIRSTW]* \([^ ]*\) \([^ ]*\)$/  {"lib\2", (void *) \&\2},/p'\'''
lt_cv_sys_global_symbol_to_cdecl='sed -n -e '\''s/^T .* \(.*\)$/extern int \1();/p'\'' -e '\''s/^[ABCDGIRSTW]* .* \(.*\)$/extern char \1;/p'\'''
lt_cv_sys_max_cmd_len=1572864
lt_cv_to_host_file_cmd=func_convert_file_noop
lt_cv_to_tool_file_cmd=func_convert_file_noop

## ----------------- ##
## Output variables. ##
## ----------------- ##

ACLOCAL='${SHELL} /mnt/hgfs/carlosvega/www/HPCN/2013/HTTPpacketReader/alpha/libnet-1.1.6/missing --run aclocal-1.11'
ADDITIONAL_LIBS=''
AMDEPBACKSLASH='\'
AMDEP_FALSE='#'
AMDEP_TRUE=''
AMTAR='${SHELL} /mnt/hgfs/carlosvega/www/HPCN/2013/HTTPpacketReader/alpha/libnet-1.1.6/missing --run tar'
AR='ar'
AUTOCONF='${SHELL} /mnt/hgfs/carlosvega/www/HPCN/2013/HTTPpacketReader/alpha/libnet-1.1.6/missing --run autoconf'
AUTOHEADER='${SHELL} /mnt/hgfs/carlosvega/www/HPCN/2013/HTTPpacketReader/alpha/libnet-1.1.6/missing --run autoheader'
AUTOMAKE='${SHELL} /mnt/hgfs/carlosvega/www/HPCN/2013/HTTPpacketReader/alpha/libnet-1.1.6/missing --run automake-1.11'
AWK='mawk'
CC='gcc'
CCDEPMODE='depmode=none'
CFLAGS='-g -O2'
CPP='gcc -E'
CPPFLAGS=''
CYGPATH_W='echo'
DEFS='-DHAVE_CONFIG_H'
DEPDIR='.deps'
DLLTOOL='false'
DSYMUTIL=''
DUMPBIN=''
ECHO_C=''
ECHO_N='-n'
ECHO_T=''
EGREP='/bin/grep -E'
ENDIANESS='LIBNET_LIL_ENDIAN'
EXEEXT=''
FGREP='/bin/grep -F'
GREP='/bin/grep'
HAVE_PACKET_SOCKET=''
INSTALL_DATA='${INSTALL} -m 644'
INSTALL_PROGRAM='${INSTALL}'
INSTALL_SAMPLES_FALSE=''
INSTALL_SAMPLES_TRUE='#'
INSTALL_SCRIPT='${INSTALL}'
INSTALL_STRIP_PROGRAM='$(install_sh) -c -s'
LD='/usr/bin/ld -m elf_x86_64'
LDFLAGS=''
LIBNET_CONFIG_CFLAGS=''
LIBNET_CONFIG_DEFINES='-D_BSD_SOURCE -D__BSD_SOURCE -D__FAVOR_BSD -DHAVE_NET_ETHERNET_H'
LIBNET_CONFIG_LIBS=''
LIBOBJS=' ${LIBOBJDIR}libnet_link_linux$U.o'
LIBS=''
LIBTOOL='$(SHELL) $(top_builddir)/libtool'
LIPO=''
LN_S='ln -s'
LTLIBOBJS=' ${LIBOBJDIR}libnet_link_linux$U.lo'
MAINT='#'
MAINTAINER_MODE_FALSE=''
MAINTAINER_MODE_TRUE='#'
MAKEINFO='${SHELL} /mnt/hgfs/carlosvega/www/HPCN/2013/HTTPpacketReader/alpha/libnet-1.1.6/missing --run makeinfo'
MANIFEST_TOOL=':'
MKDIR_P='/bin/mkdir -p'
NM='/usr/bin/nm -B'
NMEDIT=''
OBJDUMP='objdump'
OBJEXT='o'
OTOOL64=''
OTOOL=''
PACKAGE='libnet'
PACKAGE_BUGREPORT=''
PACKAGE_NAME='libnet'
PACKAGE_STRING='libnet 1.1.6'
PACKAGE_TARNAME='libnet'
PACKAGE_URL=''
PACKAGE_VERSION='1.1.6'
PATH_SEPARATOR=':'
RANLIB='ranlib'
SED='/bin/sed'
SET_MAKE=''
SHELL='/bin/bash'
STRIP='strip'
VERSION='1.1.6'
ac_ct_AR='ar'
ac_ct_CC='gcc'
ac_ct_DUMPBIN=''
am__EXEEXT_FALSE=''
am__EXEEXT_TRUE='#'
am__fastdepCC_FALSE=''
am__fastdepCC_TRUE='#'
am__include='include'
am__isrc=''
am__leading_dot='.'
am__quote=''
am__tar='${AMTAR} chof - "$$tardir"'
am__untar='${AMTAR} xf -'
bindir='${exec_prefix}/bin'
build='x86_64-unknown-linux-gnu'
build_alias=''
build_cpu='x86_64'
build_os='linux-gnu'
build_vendor='unknown'
datadir='${datarootdir}'
datarootdir='${prefix}/share'
docdir='${datarootdir}/doc/${PACKAGE_TARNAME}'
dvidir='${docdir}'
exec_prefix='${prefix}'
host='x86_64-unknown-linux-gnu'
host_alias=''
host_cpu='x86_64'
host_os='linux-gnu'
host_vendor='unknown'
htmldir='${docdir}'
includedir='${prefix}/include'
infodir='${datarootdir}/info'
install_sh='${SHELL} /mnt/hgfs/carlosvega/www/HPCN/2013/HTTPpacketReader/alpha/libnet-1.1.6/install-sh'
libdir='${exec_prefix}/lib'
libexecdir='${exec_prefix}/libexec'
localedir='${datarootdir}/locale'
localstatedir='${prefix}/var'
mandir='${datarootdir}/man'
mkdir_p='/bin/mkdir -p'
oldincludedir='/usr/include'
pdfdir='${docdir}'
prefix='/usr/local'
program_transform_name='s,x,x,'
psdir='${docdir}'
sbindir='${exec_prefix}/sbin'
sharedstatedir='${prefix}/com'
sysconfdir='${prefix}/etc'
target='x86_64-unknown-linux-gnu'
target_alias=''
target_cpu='x86_64'
target_os='linux-gnu'
target_vendor='unknown'

## ----------- ##
## confdefs.h. ##
## ----------- ##

/* confdefs.h */
#define PACKAGE_NAME "libnet"
#define PACKAGE_TARNAME "libnet"
#define PACKAGE_VERSION "1.1.6"
#define PACKAGE_STRING "libnet 1.1.6"
#define PACKAGE_BUGREPORT ""
#define PACKAGE_URL ""
#define PACKAGE "libnet"
#define VERSION "1.1.6"
#define STDC_HEADERS 1
#define HAVE_SYS_TYPES_H 1
#define HAVE_SYS_STAT_H 1
#define HAVE_STDLIB_H 1
#define HAVE_STRING_H 1
#define HAVE_MEMORY_H 1
#define HAVE_STRINGS_H 1
#define HAVE_INTTYPES_H 1
#define HAVE_STDINT_H 1
#define HAVE_UNISTD_H 1
#define __EXTENSIONS__ 1
#define _ALL_SOURCE 1
#define _GNU_SOURCE 1
#define _POSIX_PTHREAD_SEMANTICS 1
#define _TANDEM_SOURCE 1
#define HAVE_DLFCN_H 1
#define LT_OBJDIR ".libs/"
#define HAVE_GETHOSTBYNAME2 1
#define HAVE_GETIFADDRS 1
#define LIBNET_LIL_ENDIAN 1
#define HAVE_LINUX_SOCKET_H 1
#define HAVE_PACKET_SOCKET 1
#define HAVE_LINUX_PROCFS 1
#define _BSD_SOURCE 1
#define __BSD_SOURCE 1
#define __FAVOR_BSD 1
#define HAVE_NET_ETHERNET_H 1

configure: exit 0
